<?xml version="1.0" encoding="UTF-8"?>
<!-- Generated by org.testng.reporters.JUnitReportReporter -->
<testsuite hostname="DESKTOP-UPI6MMU" failures="0" tests="2" name="testCases.TC002_LoginTest" time="4.227" errors="0" timestamp="2025-02-17T17:45:46 IST" skipped="0">
  <testcase classname="testCases.TC002_LoginTest" name="verifyLoginTest" time="1.608"/>
  <testcase classname="testCases.TC002_LoginTest" name="verifyLoginTest" time="2.619"/>
</testsuite> <!-- testCases.TC002_LoginTest -->
