<?xml version="1.0" encoding="UTF-8"?>
<!-- Generated by org.testng.reporters.JUnitReportReporter -->
<testsuite hostname="DESKTOP-UPI6MMU" failures="0" tests="2" name="testCases.TC001_AccountRegistrationTest" time="4.082" errors="0" timestamp="2025-02-17T17:45:46 IST" skipped="0">
  <testcase classname="testCases.TC001_AccountRegistrationTest" name="verifyAccountRegistration" time="2.128"/>
  <testcase classname="testCases.TC001_AccountRegistrationTest" name="verifyAccountRegistration" time="1.954"/>
</testsuite> <!-- testCases.TC001_AccountRegistrationTest -->
