<?xml version="1.0" encoding="UTF-8"?>
<!-- Generated by org.testng.reporters.JUnitReportReporter -->
<testsuite hostname="DESKTOP-UPI6MMU" failures="0" tests="1" name="testCases.TC001_AccountRegistration" time="2.172" errors="0" timestamp="2025-02-13T19:24:49 IST" skipped="0">
  <testcase classname="testCases.TC001_AccountRegistration" name="verifyAccountRegistration" time="2.172"/>
</testsuite> <!-- testCases.TC001_AccountRegistration -->
