<?xml version="1.0" encoding="UTF-8"?>
<!-- Generated by org.testng.reporters.JUnitReportReporter -->
<testsuite hostname="DESKTOP-UPI6MMU" failures="0" tests="1" name="testCases.TC002_LoginTest" time="1.789" errors="0" timestamp="2025-02-13T21:18:26 IST" skipped="0">
  <testcase classname="testCases.TC002_LoginTest" name="verifyLoginTest" time="1.789"/>
</testsuite> <!-- testCases.TC002_LoginTest -->
